<?xml version="1.0" encoding="UTF-8"?>
<!-- Generated by org.testng.reporters.JUnitReportReporter -->
<testsuite hostname="rishyabgupta" name="testRunner.loginTestRunner" tests="1" failures="0" timestamp="27 Sep 2019 11:03:36 GMT" time="137.841" errors="0">
  <testcase name="Login" time="137.841" classname="testRunner.loginTestRunner"/>
</testsuite> <!-- testRunner.loginTestRunner -->
