<?xml version="1.0" encoding="UTF-8"?>
<!-- Generated by org.testng.reporters.JUnitReportReporter -->
<testsuite hostname="rishyabgupta" name="testRunner.searchFlightTestRunner" tests="1" failures="0" timestamp="27 Sep 2019 11:03:36 GMT" time="137.889" errors="0">
  <testcase name="SearchFlight" time="137.889" classname="testRunner.searchFlightTestRunner"/>
</testsuite> <!-- testRunner.searchFlightTestRunner -->
