<?xml version="1.0" encoding="UTF-8"?>
<!-- Generated by org.testng.reporters.JUnitReportReporter -->
<testsuite hostname="rishyabgupta" name="testRunner.searchFlightTestRunner" tests="1" failures="0" timestamp="28 Sep 2019 05:17:21 GMT" time="34.784" errors="0">
  <testcase name="SearchFlight" time="34.784" classname="testRunner.searchFlightTestRunner"/>
</testsuite> <!-- testRunner.searchFlightTestRunner -->
