<?xml version="1.0" encoding="UTF-8"?>
<!-- Generated by org.testng.reporters.JUnitReportReporter -->
<testsuite hostname="rishyabgupta" name="testRunner.addMovieRunner" tests="1" failures="0" timestamp="28 Sep 2019 11:24:47 GMT" time="21.140" errors="0">
  <testcase name="Login" time="21.140" classname="testRunner.addMovieRunner"/>
</testsuite> <!-- testRunner.addMovieRunner -->
