<?xml version="1.0" encoding="UTF-8"?>
<!-- Generated by org.testng.reporters.JUnitReportReporter -->
<testsuite hostname="rishyabgupta" name="testRunner.loginMoviesRunner" tests="1" failures="0" timestamp="28 Sep 2019 10:50:22 GMT" time="9.496" errors="0">
  <testcase name="Login" time="9.496" classname="testRunner.loginMoviesRunner"/>
</testsuite> <!-- testRunner.loginMoviesRunner -->
