<?xml version="1.0" encoding="UTF-8"?>
<!-- Generated by org.testng.reporters.JUnitReportReporter -->
<testsuite hostname="rishyabgupta" name="testRunner.loginTestRunner" tests="1" failures="0" timestamp="28 Sep 2019 05:17:21 GMT" time="34.310" errors="0">
  <testcase name="Login" time="34.310" classname="testRunner.loginTestRunner"/>
</testsuite> <!-- testRunner.loginTestRunner -->
